2024-11-27 16:27:58 INFO  core.datasource.jasypt.JasyptTest - Starting JasyptTest using Java 17.0.11 with PID 84638 (started by bean in /Users/bean/Development/OhMwoMuk/OhMwoMucServer)
2024-11-27 16:27:58 INFO  core.datasource.jasypt.JasyptTest - No active profile set, falling back to 1 default profile: "default"
2024-11-27 16:27:58 INFO  core.datasource.jasypt.JasyptTest - Started JasyptTest in 0.254 seconds (process running for 0.816)
2024-11-27 16:27:59 INFO  core.datasource.jasypt.JasyptTest - key: driverNm
2024-11-27 16:27:59 INFO  core.datasource.jasypt.JasyptTest - encryptText: WkyD0gCp6XqzW+73hBUA82tKyjCjcMR4wdI6gHNqaqD0UsxXi3S2YUTdcIk2Io3U
2024-11-27 16:27:59 INFO  core.datasource.jasypt.JasyptTest - decryptText: com.mysql.cj.jdbc.Driver
2024-11-27 16:27:59 INFO  core.datasource.jasypt.JasyptTest - key: userNm
2024-11-27 16:27:59 INFO  core.datasource.jasypt.JasyptTest - encryptText: Fh+lpBghxK4pzumgTbAt9fZPFLWFmRgR
2024-11-27 16:27:59 INFO  core.datasource.jasypt.JasyptTest - decryptText: bean
2024-11-27 16:27:59 INFO  core.datasource.jasypt.JasyptTest - key: jdbcUrl
2024-11-27 16:27:59 INFO  core.datasource.jasypt.JasyptTest - encryptText: bxLKrggluXbWR6+xsWKV1AH1y64dGyoXPDSjy+8RY0HVS3sURrutv99tpscSbllCtFcQ7L1+zoA=
2024-11-27 16:27:59 INFO  core.datasource.jasypt.JasyptTest - decryptText: jdbc:mysql://192.168.0.3:3306/ohmwomuc
2024-11-27 16:27:59 INFO  core.datasource.jasypt.JasyptTest - key: userPw
2024-11-27 16:27:59 INFO  core.datasource.jasypt.JasyptTest - encryptText: i5jtVlI7TZdlgcR4HOlQFAg/fH2tf1Zxc5H4+8+SFIY=
2024-11-27 16:27:59 INFO  core.datasource.jasypt.JasyptTest - decryptText: Rudals4508!
2024-11-27 16:27:59 INFO  core.datasource.jasypt.JasyptTest - key: cryptoKey
2024-11-27 16:27:59 INFO  core.datasource.jasypt.JasyptTest - encryptText: 5VpKWhs2hpBm98PmqAnxuHc4MEXiyEO2tGGwInm7P7k=
2024-11-27 16:27:59 INFO  core.datasource.jasypt.JasyptTest - decryptText: flskdlqjstm
2024-11-27 16:28:18 INFO  core.datasource.jasypt.JasyptTest - Starting JasyptTest using Java 17.0.11 with PID 84650 (started by bean in /Users/bean/Development/OhMwoMuk/OhMwoMucServer)
2024-11-27 16:28:18 INFO  core.datasource.jasypt.JasyptTest - No active profile set, falling back to 1 default profile: "default"
2024-11-27 16:28:18 INFO  core.datasource.jasypt.JasyptTest - Started JasyptTest in 0.236 seconds (process running for 0.695)
2024-11-27 16:28:19 INFO  core.datasource.jasypt.JasyptTest - key: driverNm
2024-11-27 16:28:19 INFO  core.datasource.jasypt.JasyptTest - encryptText: LDnEkdDhEEFe5z0JMSxvqr9TOw+GzpYz2Q+Gr9JhAeqOT06c35ZmFgifd+0LSRf+
2024-11-27 16:28:19 INFO  core.datasource.jasypt.JasyptTest - decryptText: com.mysql.cj.jdbc.Driver
2024-11-27 16:28:19 INFO  core.datasource.jasypt.JasyptTest - key: userNm
2024-11-27 16:28:19 INFO  core.datasource.jasypt.JasyptTest - encryptText: kOkVPEq71abMqcnIQ52N/6M/Um9Y5cvQ
2024-11-27 16:28:19 INFO  core.datasource.jasypt.JasyptTest - decryptText: bean
2024-11-27 16:28:19 INFO  core.datasource.jasypt.JasyptTest - key: jdbcUrl
2024-11-27 16:28:19 INFO  core.datasource.jasypt.JasyptTest - encryptText: giEneamGauohJ1uvZBQiPJ9uYUlmYfTV5zAmsnTc2e3Wmpgsuhky+bYCWYWj089auIlvbXyff9w=
2024-11-27 16:28:19 INFO  core.datasource.jasypt.JasyptTest - decryptText: jdbc:mysql://192.168.0.3:3306/ohmwomuc
2024-11-27 16:28:19 INFO  core.datasource.jasypt.JasyptTest - key: userPw
2024-11-27 16:28:19 INFO  core.datasource.jasypt.JasyptTest - encryptText: 2/1iTD8xCVf1jsf7968N5URcWv4sPIi+hmRihl9siV8=
2024-11-27 16:28:19 INFO  core.datasource.jasypt.JasyptTest - decryptText: Rudals4508!
2024-11-27 16:28:19 INFO  core.datasource.jasypt.JasyptTest - key: cryptoKey
2024-11-27 16:28:19 INFO  core.datasource.jasypt.JasyptTest - encryptText: euxhV6XXTa3iD20lpj7bKqebZ8BNOTmPaTWqxRYJDKY=
2024-11-27 16:28:19 INFO  core.datasource.jasypt.JasyptTest - decryptText: flskdlqjstm
2024-11-27 16:54:54 INFO  net.ohmwomuc.OhmwomucApplication - Starting OhmwomucApplication using Java 17.0.11 with PID 84943 (/Users/bean/Development/OhMwoMuk/OhMwoMucServer/build/classes/java/main started by bean in /Users/bean/Development/OhMwoMuk/OhMwoMucServer)
2024-11-27 16:54:54 INFO  net.ohmwomuc.OhmwomucApplication - No active profile set, falling back to 1 default profile: "default"
2024-11-27 16:54:54 DEBUG o.apache.ibatis.logging.LogFactory - Logging initialized using 'class org.apache.ibatis.logging.slf4j.Slf4jImpl' adapter.
2024-11-27 16:54:54 WARN  o.m.s.mapper.ClassPathMapperScanner - No MyBatis mapper was found in '[net.ohmwomuc]' package. Please check your configuration.
2024-11-27 16:54:54 INFO  c.u.j.c.EnableEncryptablePropertiesBeanFactoryPostProcessor - Post-processing PropertySource instances
2024-11-27 16:54:54 INFO  c.u.j.EncryptablePropertySourceConverter - Skipping PropertySource configurationProperties [class org.springframework.boot.context.properties.source.ConfigurationPropertySourcesPropertySource
2024-11-27 16:54:54 INFO  c.u.j.EncryptablePropertySourceConverter - Skipping PropertySource servletConfigInitParams [class org.springframework.core.env.PropertySource$StubPropertySource
2024-11-27 16:54:54 INFO  c.u.j.EncryptablePropertySourceConverter - Skipping PropertySource servletContextInitParams [class org.springframework.core.env.PropertySource$StubPropertySource
2024-11-27 16:54:54 INFO  c.u.j.EncryptablePropertySourceConverter - Converting PropertySource systemProperties [org.springframework.core.env.PropertiesPropertySource] to EncryptableMapPropertySourceWrapper
2024-11-27 16:54:54 INFO  c.u.j.EncryptablePropertySourceConverter - Converting PropertySource systemEnvironment [org.springframework.boot.env.SystemEnvironmentPropertySourceEnvironmentPostProcessor$OriginAwareSystemEnvironmentPropertySource] to EncryptableSystemEnvironmentPropertySourceWrapper
2024-11-27 16:54:54 INFO  c.u.j.EncryptablePropertySourceConverter - Converting PropertySource random [org.springframework.boot.env.RandomValuePropertySource] to EncryptablePropertySourceWrapper
2024-11-27 16:54:54 INFO  c.u.j.EncryptablePropertySourceConverter - Converting PropertySource Config resource 'class path resource [application.yml]' via location 'optional:classpath:/' [org.springframework.boot.env.OriginTrackedMapPropertySource] to EncryptableMapPropertySourceWrapper
2024-11-27 16:54:54 INFO  o.s.b.w.e.tomcat.TomcatWebServer - Tomcat initialized with port 18080 (http)
2024-11-27 16:54:54 INFO  o.a.coyote.http11.Http11NioProtocol - Initializing ProtocolHandler ["http-nio-18080"]
2024-11-27 16:54:54 INFO  o.a.catalina.core.StandardService - Starting service [Tomcat]
2024-11-27 16:54:54 INFO  o.a.catalina.core.StandardEngine - Starting Servlet engine: [Apache Tomcat/10.1.30]
2024-11-27 16:54:54 INFO  o.a.c.c.C.[Tomcat].[localhost].[/] - Initializing Spring embedded WebApplicationContext
2024-11-27 16:54:54 INFO  o.s.b.w.s.c.ServletWebServerApplicationContext - Root WebApplicationContext: initialization completed in 474 ms
2024-11-27 16:54:54 WARN  o.s.b.w.s.c.AnnotationConfigServletWebServerApplicationContext - Exception encountered during context initialization - cancelling refresh attempt: org.springframework.beans.factory.BeanCreationException: Error creating bean with name 'sqlSessionFactory' defined in class path resource [net/ohmwomuc/core/datasource/DataSourceConfig.class]: Failed to instantiate [org.apache.ibatis.session.SqlSessionFactory]: Factory method 'sqlSessionFactory' threw exception with message: class path resource [mybatis/] cannot be resolved to URL because it does not exist
2024-11-27 16:54:54 INFO  o.a.catalina.core.StandardService - Stopping service [Tomcat]
2024-11-27 16:54:54 INFO  o.s.b.a.l.ConditionEvaluationReportLogger - 

Error starting ApplicationContext. To display the condition evaluation report re-run your application with 'debug' enabled.
2024-11-27 16:54:54 ERROR o.s.boot.SpringApplication - Application run failed
org.springframework.beans.factory.BeanCreationException: Error creating bean with name 'sqlSessionFactory' defined in class path resource [net/ohmwomuc/core/datasource/DataSourceConfig.class]: Failed to instantiate [org.apache.ibatis.session.SqlSessionFactory]: Factory method 'sqlSessionFactory' threw exception with message: class path resource [mybatis/] cannot be resolved to URL because it does not exist
	at org.springframework.beans.factory.support.ConstructorResolver.instantiate(ConstructorResolver.java:648)
	at org.springframework.beans.factory.support.ConstructorResolver.instantiateUsingFactoryMethod(ConstructorResolver.java:636)
	at org.springframework.beans.factory.support.AbstractAutowireCapableBeanFactory.instantiateUsingFactoryMethod(AbstractAutowireCapableBeanFactory.java:1355)
	at org.springframework.beans.factory.support.AbstractAutowireCapableBeanFactory.createBeanInstance(AbstractAutowireCapableBeanFactory.java:1185)
	at org.springframework.beans.factory.support.AbstractAutowireCapableBeanFactory.doCreateBean(AbstractAutowireCapableBeanFactory.java:562)
	at org.springframework.beans.factory.support.AbstractAutowireCapableBeanFactory.createBean(AbstractAutowireCapableBeanFactory.java:522)
	at org.springframework.beans.factory.support.AbstractBeanFactory.lambda$doGetBean$0(AbstractBeanFactory.java:337)
	at org.springframework.beans.factory.support.DefaultSingletonBeanRegistry.getSingleton(DefaultSingletonBeanRegistry.java:234)
	at org.springframework.beans.factory.support.AbstractBeanFactory.doGetBean(AbstractBeanFactory.java:335)
	at org.springframework.beans.factory.support.AbstractBeanFactory.getBean(AbstractBeanFactory.java:200)
	at org.springframework.beans.factory.support.DefaultListableBeanFactory.preInstantiateSingletons(DefaultListableBeanFactory.java:975)
	at org.springframework.context.support.AbstractApplicationContext.finishBeanFactoryInitialization(AbstractApplicationContext.java:971)
	at org.springframework.context.support.AbstractApplicationContext.refresh(AbstractApplicationContext.java:625)
	at org.springframework.boot.web.servlet.context.ServletWebServerApplicationContext.refresh(ServletWebServerApplicationContext.java:146)
	at org.springframework.boot.SpringApplication.refresh(SpringApplication.java:754)
	at org.springframework.boot.SpringApplication.refreshContext(SpringApplication.java:456)
	at org.springframework.boot.SpringApplication.run(SpringApplication.java:335)
	at org.springframework.boot.SpringApplication.run(SpringApplication.java:1363)
	at org.springframework.boot.SpringApplication.run(SpringApplication.java:1352)
	at net.ohmwomuc.OhmwomucApplication.main(OhmwomucApplication.java:10)
Caused by: org.springframework.beans.BeanInstantiationException: Failed to instantiate [org.apache.ibatis.session.SqlSessionFactory]: Factory method 'sqlSessionFactory' threw exception with message: class path resource [mybatis/] cannot be resolved to URL because it does not exist
	at org.springframework.beans.factory.support.SimpleInstantiationStrategy.instantiate(SimpleInstantiationStrategy.java:178)
	at org.springframework.beans.factory.support.ConstructorResolver.instantiate(ConstructorResolver.java:644)
	... 19 common frames omitted
Caused by: java.io.FileNotFoundException: class path resource [mybatis/] cannot be resolved to URL because it does not exist
	at org.springframework.core.io.ClassPathResource.getURL(ClassPathResource.java:230)
	at org.springframework.core.io.support.PathMatchingResourcePatternResolver.findPathMatchingResources(PathMatchingResourcePatternResolver.java:592)
	at org.springframework.core.io.support.PathMatchingResourcePatternResolver.getResources(PathMatchingResourcePatternResolver.java:350)
	at net.ohmwomuc.core.datasource.DataSourceConfig.sqlSessionFactory(DataSourceConfig.java:39)
	at net.ohmwomuc.core.datasource.DataSourceConfig$$SpringCGLIB$$0.CGLIB$sqlSessionFactory$0(<generated>)
	at net.ohmwomuc.core.datasource.DataSourceConfig$$SpringCGLIB$$FastClass$$1.invoke(<generated>)
	at org.springframework.cglib.proxy.MethodProxy.invokeSuper(MethodProxy.java:258)
	at org.springframework.context.annotation.ConfigurationClassEnhancer$BeanMethodInterceptor.intercept(ConfigurationClassEnhancer.java:348)
	at net.ohmwomuc.core.datasource.DataSourceConfig$$SpringCGLIB$$0.sqlSessionFactory(<generated>)
	at java.base/jdk.internal.reflect.NativeMethodAccessorImpl.invoke0(Native Method)
	at java.base/jdk.internal.reflect.NativeMethodAccessorImpl.invoke(NativeMethodAccessorImpl.java:77)
	at java.base/jdk.internal.reflect.DelegatingMethodAccessorImpl.invoke(DelegatingMethodAccessorImpl.java:43)
	at java.base/java.lang.reflect.Method.invoke(Method.java:568)
	at org.springframework.beans.factory.support.SimpleInstantiationStrategy.instantiate(SimpleInstantiationStrategy.java:146)
	... 20 common frames omitted
2024-11-27 16:57:54 INFO  net.ohmwomuc.OhmwomucApplication - Starting OhmwomucApplication using Java 17.0.11 with PID 85005 (/Users/bean/Development/OhMwoMuk/OhMwoMucServer/build/classes/java/main started by bean in /Users/bean/Development/OhMwoMuk/OhMwoMucServer)
2024-11-27 16:57:54 INFO  net.ohmwomuc.OhmwomucApplication - The following 1 profile is active: "local"
2024-11-27 16:57:54 DEBUG o.apache.ibatis.logging.LogFactory - Logging initialized using 'class org.apache.ibatis.logging.slf4j.Slf4jImpl' adapter.
2024-11-27 16:57:54 WARN  o.m.s.mapper.ClassPathMapperScanner - No MyBatis mapper was found in '[net.ohmwomuc]' package. Please check your configuration.
2024-11-27 16:57:55 INFO  c.u.j.c.EnableEncryptablePropertiesBeanFactoryPostProcessor - Post-processing PropertySource instances
2024-11-27 16:57:55 INFO  c.u.j.EncryptablePropertySourceConverter - Skipping PropertySource configurationProperties [class org.springframework.boot.context.properties.source.ConfigurationPropertySourcesPropertySource
2024-11-27 16:57:55 INFO  c.u.j.EncryptablePropertySourceConverter - Skipping PropertySource servletConfigInitParams [class org.springframework.core.env.PropertySource$StubPropertySource
2024-11-27 16:57:55 INFO  c.u.j.EncryptablePropertySourceConverter - Skipping PropertySource servletContextInitParams [class org.springframework.core.env.PropertySource$StubPropertySource
2024-11-27 16:57:55 INFO  c.u.j.EncryptablePropertySourceConverter - Converting PropertySource systemProperties [org.springframework.core.env.PropertiesPropertySource] to EncryptableMapPropertySourceWrapper
2024-11-27 16:57:55 INFO  c.u.j.EncryptablePropertySourceConverter - Converting PropertySource systemEnvironment [org.springframework.boot.env.SystemEnvironmentPropertySourceEnvironmentPostProcessor$OriginAwareSystemEnvironmentPropertySource] to EncryptableSystemEnvironmentPropertySourceWrapper
2024-11-27 16:57:55 INFO  c.u.j.EncryptablePropertySourceConverter - Converting PropertySource random [org.springframework.boot.env.RandomValuePropertySource] to EncryptablePropertySourceWrapper
2024-11-27 16:57:55 INFO  c.u.j.EncryptablePropertySourceConverter - Converting PropertySource Config resource 'class path resource [application-local.yml]' via location 'optional:classpath:/' [org.springframework.boot.env.OriginTrackedMapPropertySource] to EncryptableMapPropertySourceWrapper
2024-11-27 16:57:55 INFO  c.u.j.EncryptablePropertySourceConverter - Converting PropertySource Config resource 'class path resource [application.yml]' via location 'optional:classpath:/' [org.springframework.boot.env.OriginTrackedMapPropertySource] to EncryptableMapPropertySourceWrapper
2024-11-27 16:57:55 INFO  o.s.b.w.e.tomcat.TomcatWebServer - Tomcat initialized with port 18080 (http)
2024-11-27 16:57:55 INFO  o.a.coyote.http11.Http11NioProtocol - Initializing ProtocolHandler ["http-nio-18080"]
2024-11-27 16:57:55 INFO  o.a.catalina.core.StandardService - Starting service [Tomcat]
2024-11-27 16:57:55 INFO  o.a.catalina.core.StandardEngine - Starting Servlet engine: [Apache Tomcat/10.1.30]
2024-11-27 16:57:55 INFO  o.a.c.c.C.[Tomcat].[localhost].[/] - Initializing Spring embedded WebApplicationContext
2024-11-27 16:57:55 INFO  o.s.b.w.s.c.ServletWebServerApplicationContext - Root WebApplicationContext: initialization completed in 456 ms
2024-11-27 16:57:55 INFO  c.u.j.f.DefaultLazyPropertyFilter - Property Filter custom Bean not found with name 'encryptablePropertyFilter'. Initializing Default Property Filter
2024-11-27 16:57:55 INFO  c.u.j.r.DefaultLazyPropertyResolver - Property Resolver custom Bean not found with name 'encryptablePropertyResolver'. Initializing Default Property Resolver
2024-11-27 16:57:55 INFO  c.u.j.d.DefaultLazyPropertyDetector - Property Detector custom Bean not found with name 'encryptablePropertyDetector'. Initializing Default Property Detector
2024-11-27 16:57:55 WARN  o.s.b.w.s.c.AnnotationConfigServletWebServerApplicationContext - Exception encountered during context initialization - cancelling refresh attempt: org.springframework.boot.context.properties.ConfigurationPropertiesBindException: Error creating bean with name 'dataSource': Could not bind properties to 'DataSource' : prefix=spring.datasource.hikari, ignoreInvalidFields=false, ignoreUnknownFields=true
2024-11-27 16:57:55 INFO  o.a.catalina.core.StandardService - Stopping service [Tomcat]
2024-11-27 16:57:55 INFO  o.s.b.a.l.ConditionEvaluationReportLogger - 

Error starting ApplicationContext. To display the condition evaluation report re-run your application with 'debug' enabled.
2024-11-27 16:57:55 ERROR o.s.b.d.LoggingFailureAnalysisReporter - 

***************************
APPLICATION FAILED TO START
***************************

Description:

Failed to bind properties under 'spring.datasource.hikari.driver-class-name' to java.lang.String:

    Reason: java.lang.IllegalStateException: String Encryptor custom Bean not found with name 'jasyptStringEncryptor'

Action:

Update your application's configuration

2024-11-27 17:57:36 INFO  net.ohmwomuc.OhmwomucApplication - Starting OhmwomucApplication using Java 17.0.11 with PID 85635 (/Users/bean/Development/OhMwoMuk/OhMwoMucServer/build/classes/java/main started by bean in /Users/bean/Development/OhMwoMuk/OhMwoMucServer)
2024-11-27 17:57:36 INFO  net.ohmwomuc.OhmwomucApplication - The following 1 profile is active: "local"
2024-11-27 17:57:36 DEBUG o.apache.ibatis.logging.LogFactory - Logging initialized using 'class org.apache.ibatis.logging.slf4j.Slf4jImpl' adapter.
2024-11-27 17:57:36 WARN  o.m.s.mapper.ClassPathMapperScanner - No MyBatis mapper was found in '[net.ohmwomuc]' package. Please check your configuration.
2024-11-27 17:57:36 INFO  c.u.j.c.EnableEncryptablePropertiesBeanFactoryPostProcessor - Post-processing PropertySource instances
2024-11-27 17:57:36 INFO  c.u.j.EncryptablePropertySourceConverter - Skipping PropertySource configurationProperties [class org.springframework.boot.context.properties.source.ConfigurationPropertySourcesPropertySource
2024-11-27 17:57:36 INFO  c.u.j.EncryptablePropertySourceConverter - Skipping PropertySource servletConfigInitParams [class org.springframework.core.env.PropertySource$StubPropertySource
2024-11-27 17:57:36 INFO  c.u.j.EncryptablePropertySourceConverter - Skipping PropertySource servletContextInitParams [class org.springframework.core.env.PropertySource$StubPropertySource
2024-11-27 17:57:36 INFO  c.u.j.EncryptablePropertySourceConverter - Converting PropertySource systemProperties [org.springframework.core.env.PropertiesPropertySource] to EncryptableMapPropertySourceWrapper
2024-11-27 17:57:36 INFO  c.u.j.EncryptablePropertySourceConverter - Converting PropertySource systemEnvironment [org.springframework.boot.env.SystemEnvironmentPropertySourceEnvironmentPostProcessor$OriginAwareSystemEnvironmentPropertySource] to EncryptableSystemEnvironmentPropertySourceWrapper
2024-11-27 17:57:36 INFO  c.u.j.EncryptablePropertySourceConverter - Converting PropertySource random [org.springframework.boot.env.RandomValuePropertySource] to EncryptablePropertySourceWrapper
2024-11-27 17:57:36 INFO  c.u.j.EncryptablePropertySourceConverter - Converting PropertySource Config resource 'class path resource [application-local.yml]' via location 'optional:classpath:/' [org.springframework.boot.env.OriginTrackedMapPropertySource] to EncryptableMapPropertySourceWrapper
2024-11-27 17:57:36 INFO  c.u.j.EncryptablePropertySourceConverter - Converting PropertySource Config resource 'class path resource [application.yml]' via location 'optional:classpath:/' [org.springframework.boot.env.OriginTrackedMapPropertySource] to EncryptableMapPropertySourceWrapper
2024-11-27 17:57:37 INFO  o.s.b.w.e.tomcat.TomcatWebServer - Tomcat initialized with port 18080 (http)
2024-11-27 17:57:37 INFO  o.a.coyote.http11.Http11NioProtocol - Initializing ProtocolHandler ["http-nio-18080"]
2024-11-27 17:57:37 INFO  o.a.catalina.core.StandardService - Starting service [Tomcat]
2024-11-27 17:57:37 INFO  o.a.catalina.core.StandardEngine - Starting Servlet engine: [Apache Tomcat/10.1.30]
2024-11-27 17:57:37 INFO  o.a.c.c.C.[Tomcat].[localhost].[/] - Initializing Spring embedded WebApplicationContext
2024-11-27 17:57:37 INFO  o.s.b.w.s.c.ServletWebServerApplicationContext - Root WebApplicationContext: initialization completed in 451 ms
2024-11-27 17:57:37 INFO  c.u.j.f.DefaultLazyPropertyFilter - Property Filter custom Bean not found with name 'encryptablePropertyFilter'. Initializing Default Property Filter
2024-11-27 17:57:37 INFO  c.u.j.r.DefaultLazyPropertyResolver - Property Resolver custom Bean not found with name 'encryptablePropertyResolver'. Initializing Default Property Resolver
2024-11-27 17:57:37 INFO  c.u.j.d.DefaultLazyPropertyDetector - Property Detector custom Bean not found with name 'encryptablePropertyDetector'. Initializing Default Property Detector
2024-11-27 17:57:37 WARN  o.s.b.w.s.c.AnnotationConfigServletWebServerApplicationContext - Exception encountered during context initialization - cancelling refresh attempt: org.springframework.boot.context.properties.ConfigurationPropertiesBindException: Error creating bean with name 'dataSource': Could not bind properties to 'DataSource' : prefix=spring.datasource.hikari, ignoreInvalidFields=false, ignoreUnknownFields=true
2024-11-27 17:57:37 INFO  o.a.catalina.core.StandardService - Stopping service [Tomcat]
2024-11-27 17:57:37 INFO  o.s.b.a.l.ConditionEvaluationReportLogger - 

Error starting ApplicationContext. To display the condition evaluation report re-run your application with 'debug' enabled.
2024-11-27 17:57:37 ERROR o.s.b.d.LoggingFailureAnalysisReporter - 

***************************
APPLICATION FAILED TO START
***************************

Description:

Failed to bind properties under 'spring.datasource.hikari.driver-class-name' to java.lang.String:

    Reason: java.lang.IllegalStateException: String Encryptor custom Bean not found with name 'jasyptStringEncryptor'

Action:

Update your application's configuration

2024-11-27 17:58:28 INFO  net.ohmwomuc.OhmwomucApplication - Starting OhmwomucApplication using Java 17.0.11 with PID 85657 (/Users/bean/Development/OhMwoMuk/OhMwoMucServer/build/classes/java/main started by bean in /Users/bean/Development/OhMwoMuk/OhMwoMucServer)
2024-11-27 17:58:28 INFO  net.ohmwomuc.OhmwomucApplication - The following 1 profile is active: "local"
2024-11-27 17:58:28 DEBUG o.apache.ibatis.logging.LogFactory - Logging initialized using 'class org.apache.ibatis.logging.slf4j.Slf4jImpl' adapter.
2024-11-27 17:58:28 WARN  o.m.s.mapper.ClassPathMapperScanner - No MyBatis mapper was found in '[net.ohmwomuc]' package. Please check your configuration.
2024-11-27 17:58:28 INFO  c.u.j.c.EnableEncryptablePropertiesBeanFactoryPostProcessor - Post-processing PropertySource instances
2024-11-27 17:58:28 INFO  c.u.j.EncryptablePropertySourceConverter - Skipping PropertySource configurationProperties [class org.springframework.boot.context.properties.source.ConfigurationPropertySourcesPropertySource
2024-11-27 17:58:28 INFO  c.u.j.EncryptablePropertySourceConverter - Skipping PropertySource servletConfigInitParams [class org.springframework.core.env.PropertySource$StubPropertySource
2024-11-27 17:58:28 INFO  c.u.j.EncryptablePropertySourceConverter - Skipping PropertySource servletContextInitParams [class org.springframework.core.env.PropertySource$StubPropertySource
2024-11-27 17:58:28 INFO  c.u.j.EncryptablePropertySourceConverter - Converting PropertySource systemProperties [org.springframework.core.env.PropertiesPropertySource] to EncryptableMapPropertySourceWrapper
2024-11-27 17:58:28 INFO  c.u.j.EncryptablePropertySourceConverter - Converting PropertySource systemEnvironment [org.springframework.boot.env.SystemEnvironmentPropertySourceEnvironmentPostProcessor$OriginAwareSystemEnvironmentPropertySource] to EncryptableSystemEnvironmentPropertySourceWrapper
2024-11-27 17:58:28 INFO  c.u.j.EncryptablePropertySourceConverter - Converting PropertySource random [org.springframework.boot.env.RandomValuePropertySource] to EncryptablePropertySourceWrapper
2024-11-27 17:58:28 INFO  c.u.j.EncryptablePropertySourceConverter - Converting PropertySource Config resource 'class path resource [application-local.yml]' via location 'optional:classpath:/' [org.springframework.boot.env.OriginTrackedMapPropertySource] to EncryptableMapPropertySourceWrapper
2024-11-27 17:58:28 INFO  c.u.j.EncryptablePropertySourceConverter - Converting PropertySource Config resource 'class path resource [application.yml]' via location 'optional:classpath:/' [org.springframework.boot.env.OriginTrackedMapPropertySource] to EncryptableMapPropertySourceWrapper
2024-11-27 17:58:29 INFO  o.s.b.w.e.tomcat.TomcatWebServer - Tomcat initialized with port 18080 (http)
2024-11-27 17:58:29 INFO  o.a.coyote.http11.Http11NioProtocol - Initializing ProtocolHandler ["http-nio-18080"]
2024-11-27 17:58:29 INFO  o.a.catalina.core.StandardService - Starting service [Tomcat]
2024-11-27 17:58:29 INFO  o.a.catalina.core.StandardEngine - Starting Servlet engine: [Apache Tomcat/10.1.30]
2024-11-27 17:58:29 INFO  o.a.c.c.C.[Tomcat].[localhost].[/] - Initializing Spring embedded WebApplicationContext
2024-11-27 17:58:29 INFO  o.s.b.w.s.c.ServletWebServerApplicationContext - Root WebApplicationContext: initialization completed in 460 ms
2024-11-27 17:58:29 INFO  c.u.j.f.DefaultLazyPropertyFilter - Property Filter custom Bean not found with name 'encryptablePropertyFilter'. Initializing Default Property Filter
2024-11-27 17:58:29 INFO  c.u.j.r.DefaultLazyPropertyResolver - Property Resolver custom Bean not found with name 'encryptablePropertyResolver'. Initializing Default Property Resolver
2024-11-27 17:58:29 INFO  c.u.j.d.DefaultLazyPropertyDetector - Property Detector custom Bean not found with name 'encryptablePropertyDetector'. Initializing Default Property Detector
2024-11-27 17:58:29 INFO  c.u.j.encryptor.DefaultLazyEncryptor - Found Custom Encryptor Bean org.jasypt.encryption.pbe.PooledPBEStringEncryptor@20a967fe with name: jasyptStringEncryptor
2024-11-27 17:58:29 WARN  o.s.b.w.s.c.AnnotationConfigServletWebServerApplicationContext - Exception encountered during context initialization - cancelling refresh attempt: org.springframework.beans.factory.BeanCreationException: Error creating bean with name 'sqlSessionFactory' defined in class path resource [net/ohmwomuc/core/datasource/DataSourceConfig.class]: Failed to instantiate [org.apache.ibatis.session.SqlSessionFactory]: Factory method 'sqlSessionFactory' threw exception with message: class path resource [mybatis/] cannot be resolved to URL because it does not exist
2024-11-27 17:58:29 INFO  o.a.catalina.core.StandardService - Stopping service [Tomcat]
2024-11-27 17:58:29 INFO  o.s.b.a.l.ConditionEvaluationReportLogger - 

Error starting ApplicationContext. To display the condition evaluation report re-run your application with 'debug' enabled.
2024-11-27 17:58:29 ERROR o.s.boot.SpringApplication - Application run failed
org.springframework.beans.factory.BeanCreationException: Error creating bean with name 'sqlSessionFactory' defined in class path resource [net/ohmwomuc/core/datasource/DataSourceConfig.class]: Failed to instantiate [org.apache.ibatis.session.SqlSessionFactory]: Factory method 'sqlSessionFactory' threw exception with message: class path resource [mybatis/] cannot be resolved to URL because it does not exist
	at org.springframework.beans.factory.support.ConstructorResolver.instantiate(ConstructorResolver.java:648)
	at org.springframework.beans.factory.support.ConstructorResolver.instantiateUsingFactoryMethod(ConstructorResolver.java:636)
	at org.springframework.beans.factory.support.AbstractAutowireCapableBeanFactory.instantiateUsingFactoryMethod(AbstractAutowireCapableBeanFactory.java:1355)
	at org.springframework.beans.factory.support.AbstractAutowireCapableBeanFactory.createBeanInstance(AbstractAutowireCapableBeanFactory.java:1185)
	at org.springframework.beans.factory.support.AbstractAutowireCapableBeanFactory.doCreateBean(AbstractAutowireCapableBeanFactory.java:562)
	at org.springframework.beans.factory.support.AbstractAutowireCapableBeanFactory.createBean(AbstractAutowireCapableBeanFactory.java:522)
	at org.springframework.beans.factory.support.AbstractBeanFactory.lambda$doGetBean$0(AbstractBeanFactory.java:337)
	at org.springframework.beans.factory.support.DefaultSingletonBeanRegistry.getSingleton(DefaultSingletonBeanRegistry.java:234)
	at org.springframework.beans.factory.support.AbstractBeanFactory.doGetBean(AbstractBeanFactory.java:335)
	at org.springframework.beans.factory.support.AbstractBeanFactory.getBean(AbstractBeanFactory.java:200)
	at org.springframework.beans.factory.support.DefaultListableBeanFactory.preInstantiateSingletons(DefaultListableBeanFactory.java:975)
	at org.springframework.context.support.AbstractApplicationContext.finishBeanFactoryInitialization(AbstractApplicationContext.java:971)
	at org.springframework.context.support.AbstractApplicationContext.refresh(AbstractApplicationContext.java:625)
	at org.springframework.boot.web.servlet.context.ServletWebServerApplicationContext.refresh(ServletWebServerApplicationContext.java:146)
	at org.springframework.boot.SpringApplication.refresh(SpringApplication.java:754)
	at org.springframework.boot.SpringApplication.refreshContext(SpringApplication.java:456)
	at org.springframework.boot.SpringApplication.run(SpringApplication.java:335)
	at org.springframework.boot.SpringApplication.run(SpringApplication.java:1363)
	at org.springframework.boot.SpringApplication.run(SpringApplication.java:1352)
	at net.ohmwomuc.OhmwomucApplication.main(OhmwomucApplication.java:10)
Caused by: org.springframework.beans.BeanInstantiationException: Failed to instantiate [org.apache.ibatis.session.SqlSessionFactory]: Factory method 'sqlSessionFactory' threw exception with message: class path resource [mybatis/] cannot be resolved to URL because it does not exist
	at org.springframework.beans.factory.support.SimpleInstantiationStrategy.instantiate(SimpleInstantiationStrategy.java:178)
	at org.springframework.beans.factory.support.ConstructorResolver.instantiate(ConstructorResolver.java:644)
	... 19 common frames omitted
Caused by: java.io.FileNotFoundException: class path resource [mybatis/] cannot be resolved to URL because it does not exist
	at org.springframework.core.io.ClassPathResource.getURL(ClassPathResource.java:230)
	at org.springframework.core.io.support.PathMatchingResourcePatternResolver.findPathMatchingResources(PathMatchingResourcePatternResolver.java:592)
	at org.springframework.core.io.support.PathMatchingResourcePatternResolver.getResources(PathMatchingResourcePatternResolver.java:350)
	at net.ohmwomuc.core.datasource.DataSourceConfig.sqlSessionFactory(DataSourceConfig.java:39)
	at net.ohmwomuc.core.datasource.DataSourceConfig$$SpringCGLIB$$0.CGLIB$sqlSessionFactory$0(<generated>)
	at net.ohmwomuc.core.datasource.DataSourceConfig$$SpringCGLIB$$FastClass$$1.invoke(<generated>)
	at org.springframework.cglib.proxy.MethodProxy.invokeSuper(MethodProxy.java:258)
	at org.springframework.context.annotation.ConfigurationClassEnhancer$BeanMethodInterceptor.intercept(ConfigurationClassEnhancer.java:348)
	at net.ohmwomuc.core.datasource.DataSourceConfig$$SpringCGLIB$$0.sqlSessionFactory(<generated>)
	at java.base/jdk.internal.reflect.NativeMethodAccessorImpl.invoke0(Native Method)
	at java.base/jdk.internal.reflect.NativeMethodAccessorImpl.invoke(NativeMethodAccessorImpl.java:77)
	at java.base/jdk.internal.reflect.DelegatingMethodAccessorImpl.invoke(DelegatingMethodAccessorImpl.java:43)
	at java.base/java.lang.reflect.Method.invoke(Method.java:568)
	at org.springframework.beans.factory.support.SimpleInstantiationStrategy.instantiate(SimpleInstantiationStrategy.java:146)
	... 20 common frames omitted
